<?xml version="1.0" encoding="UTF-8"?>
<!-- Generated by org.testng.reporters.JUnitReportReporter -->
<testsuite skipped="1" hostname="parveen-PC" name="test1.test2$testclass" tests="3" failures="0" timestamp="16 May 2018 17:50:07 GMT" time="0.016" errors="0">
  <testcase name="skiptest" time="0.005" classname="test1.test2$testclass">
    <skipped/>
  </testcase> <!-- skiptest -->
  <testcase name="passtest" time="0.009" classname="test1.test2$testclass"/>
  <testcase name="failtest" time="0.002" classname="test1.test2$testclass"/>
</testsuite> <!-- test1.test2$testclass -->
