<?xml version="1.0" encoding="UTF-8"?>
<!-- Generated by org.testng.reporters.JUnitReportReporter -->
<testsuite skipped="0" hostname="parveen-PC" name="test1.test3" tests="1" failures="0" timestamp="16 May 2018 17:50:07 GMT" time="0.004" errors="0">
  <testcase name="tc_3" time="0.004" classname="test1.test3"/>
</testsuite> <!-- test1.test3 -->
