<?xml version="1.0" encoding="UTF-8"?>
<!-- Generated by org.testng.reporters.JUnitReportReporter -->
<testsuite skipped="0" hostname="parveen-PC" name="test1.test1" tests="1" failures="0" timestamp="16 May 2018 15:36:37 GMT" time="1.285" errors="0">
  <testcase name="tc_1" time="1.285" classname="test1.test1"/>
</testsuite> <!-- test1.test1 -->
