<?xml version="1.0" encoding="UTF-8"?>
<!-- Generated by org.testng.reporters.JUnitReportReporter -->
<testsuite skipped="1" hostname="parveen-PC" name="test1.test2$testclass" tests="3" failures="0" timestamp="13 May 2018 18:32:40 GMT" time="0.026" errors="0">
  <testcase name="failtest" time="0.015" classname="test1.test2$testclass"/>
  <testcase name="passtest" time="0.008" classname="test1.test2$testclass"/>
  <testcase name="skiptest" time="0.003" classname="test1.test2$testclass">
    <skipped/>
  </testcase> <!-- skiptest -->
</testsuite> <!-- test1.test2$testclass -->
